<?xml version="1.0" encoding="UTF-8"?>
<testng-results ignored="0" total="4" passed="4" failed="0" skipped="0">
  <reporter-output>
  </reporter-output>
  <suite started-at="2024-05-22T15:05:06 IST" name="PetSuite" finished-at="2024-05-22T15:05:25 IST" duration-ms="18932">
    <groups>
    </groups>
    <test started-at="2024-05-22T15:05:06 IST" name="PetTests" finished-at="2024-05-22T15:05:25 IST" duration-ms="18932">
      <class name="api.test.UserTests">
        <test-method is-config="true" signature="setup()[pri:0, instance:api.test.UserTests@3e27ba32]" started-at="2024-05-22T15:05:06 IST" name="setup" finished-at="2024-05-22T15:05:07 IST" duration-ms="1066" status="PASS">
          <reporter-output>
          </reporter-output>
        </test-method> <!-- setup -->
        <test-method signature="testPostUser()[pri:1, instance:api.test.UserTests@3e27ba32]" started-at="2024-05-22T15:05:07 IST" name="testPostUser" finished-at="2024-05-22T15:05:13 IST" duration-ms="5684" status="PASS">
          <reporter-output>
          </reporter-output>
        </test-method> <!-- testPostUser -->
        <test-method signature="testGetuserByname()[pri:2, instance:api.test.UserTests@3e27ba32]" started-at="2024-05-22T15:05:13 IST" name="testGetuserByname" finished-at="2024-05-22T15:05:16 IST" duration-ms="2831" status="PASS">
          <reporter-output>
          </reporter-output>
        </test-method> <!-- testGetuserByname -->
        <test-method signature="testUpdateUserByname()[pri:3, instance:api.test.UserTests@3e27ba32]" started-at="2024-05-22T15:05:16 IST" name="testUpdateUserByname" finished-at="2024-05-22T15:05:21 IST" duration-ms="5528" status="PASS">
          <reporter-output>
          </reporter-output>
        </test-method> <!-- testUpdateUserByname -->
        <test-method signature="testDeleteUserByname()[pri:4, instance:api.test.UserTests@3e27ba32]" started-at="2024-05-22T15:05:21 IST" name="testDeleteUserByname" finished-at="2024-05-22T15:05:25 IST" duration-ms="3407" status="PASS">
          <reporter-output>
          </reporter-output>
        </test-method> <!-- testDeleteUserByname -->
      </class> <!-- api.test.UserTests -->
    </test> <!-- PetTests -->
  </suite> <!-- PetSuite -->
</testng-results>
