<?xml version="1.0" encoding="UTF-8"?>
<testng-results ignored="0" total="4" passed="4" failed="0" skipped="0">
  <reporter-output>
  </reporter-output>
  <suite started-at="2024-05-22T14:07:11 IST" name="PetSuite" finished-at="2024-05-22T14:07:30 IST" duration-ms="18430">
    <groups>
    </groups>
    <test started-at="2024-05-22T14:07:11 IST" name="PetTests" finished-at="2024-05-22T14:07:30 IST" duration-ms="18430">
      <class name="api.test.UserTests">
        <test-method is-config="true" signature="setup()[pri:0, instance:api.test.UserTests@235ecd9f]" started-at="2024-05-22T14:07:12 IST" name="setup" finished-at="2024-05-22T14:07:12 IST" duration-ms="955" status="PASS">
          <reporter-output>
          </reporter-output>
        </test-method> <!-- setup -->
        <test-method signature="testPostUser()[pri:1, instance:api.test.UserTests@235ecd9f]" started-at="2024-05-22T14:07:13 IST" name="testPostUser" finished-at="2024-05-22T14:07:17 IST" duration-ms="4918" status="PASS">
          <reporter-output>
          </reporter-output>
        </test-method> <!-- testPostUser -->
        <test-method signature="testGetuserByname()[pri:2, instance:api.test.UserTests@235ecd9f]" started-at="2024-05-22T14:07:17 IST" name="testGetuserByname" finished-at="2024-05-22T14:07:20 IST" duration-ms="2394" status="PASS">
          <reporter-output>
          </reporter-output>
        </test-method> <!-- testGetuserByname -->
        <test-method signature="testUpdateUserByname()[pri:3, instance:api.test.UserTests@235ecd9f]" started-at="2024-05-22T14:07:20 IST" name="testUpdateUserByname" finished-at="2024-05-22T14:07:26 IST" duration-ms="6580" status="PASS">
          <reporter-output>
          </reporter-output>
        </test-method> <!-- testUpdateUserByname -->
        <test-method signature="testDeleteUserByname()[pri:4, instance:api.test.UserTests@235ecd9f]" started-at="2024-05-22T14:07:26 IST" name="testDeleteUserByname" finished-at="2024-05-22T14:07:30 IST" duration-ms="3064" status="PASS">
          <reporter-output>
          </reporter-output>
        </test-method> <!-- testDeleteUserByname -->
      </class> <!-- api.test.UserTests -->
    </test> <!-- PetTests -->
  </suite> <!-- PetSuite -->
</testng-results>
