<?xml version="1.0" encoding="UTF-8"?>
<!-- Generated by org.testng.reporters.JUnitXMLReporter -->
<testsuite ignored="0" hostname="MK" failures="0" tests="4" name="PetTests" time="18.43" errors="0" timestamp="2024-05-22T14:07:30 IST">
  <testcase classname="api.test.UserTests" name="testPostUser" time="4.918"/>
  <testcase classname="api.test.UserTests" name="testGetuserByname" time="2.394"/>
  <testcase classname="api.test.UserTests" name="testUpdateUserByname" time="6.58"/>
  <testcase classname="api.test.UserTests" name="testDeleteUserByname" time="3.064"/>
</testsuite> <!-- PetTests -->
